2021-05-12 10:57:23,819 [1] INFO  - Loaded appender: FileAppenderExternal
2021-05-12 10:57:23,856 [1] INFO  - Loaded appender: UserLoggerAppender
2021-05-12 10:57:23,856 [1] INFO  - Loaded appender: FileAppenderInternal
2021-05-12 10:57:23,856 [1] INFO  - Loaded appender: FileAppenderExternal
2021-05-12 10:57:23,856 [1] INFO  - Loaded appender: UserLoggerAppender
2021-05-12 10:57:23,856 [1] INFO  - Loaded appender: FileAppenderInternal
2021-05-12 10:57:24,367 [19] INFO  - Step 'Start' : Step 'Start' started
2021-05-12 10:57:24,425 [19] INFO  - Step 'Start' ended successfully
2021-05-12 10:57:24,427 [19] INFO  - Step 'Test Flow' : Step 'Test Flow' started
2021-05-12 10:57:24,431 [19] INFO  - Step 'Iteration 1' : Step 'Iteration 1' started
2021-05-12 10:57:24,434 [19] INFO  - Step 'GET4' : Step 'GET4' started
2021-05-12 10:57:24,458 [19] INFO  - Step 'GET4' : Fetching HTTP Url: 'https://www.metaweather.com/api/location/search/?query=frankfurt'
2021-05-12 10:57:24,765 [19] INFO  - Step 'GET4' : Server returned status code: 200
2021-05-12 10:57:24,783 [19] INFO  - Step 'GET4' : HTTP Raw request:
2021-05-12 10:57:24,785 [19] INFO  - Step 'GET4' : GET https://www.metaweather.com/api/location/search/?query=frankfurt 1.1
Host: www.metaweather.com
Connection: Keep-Alive

2021-05-12 10:57:24,787 [19] INFO  - Step 'GET4' : HTTP Raw response:
2021-05-12 10:57:24,788 [19] INFO  - Step 'GET4' : HTTP/1.1 200 OK
x-xss-protection: 1; mode=block
Content-Language: en
x-content-type-options: nosniff
strict-transport-security: max-age=2592000; includeSubDomains
Vary: Accept-Language, Cookie
Allow: GET, HEAD, OPTIONS
x-frame-options: DENY
X-Cloud-Trace-Context: 3a9f2160a553280c5c55ae677b3b5880
Content-Length: 94
Content-Type: application/json
Date: Wed, 12 May 2021 09:57:14 GMT
Server: Google Frontend
[{"title":"Frankfurt","location_type":"City","woeid":650272,"latt_long":"50.112080,8.683410"}]
2021-05-12 10:57:24,798 [19] INFO  - Step 'GET4' ended successfully
2021-05-12 10:57:24,800 [19] INFO  - Step 'Report Location' : Step 'Report Location' started
2021-05-12 10:57:24,806 [19] INFO  - Step 'Report Location' : Frankfurt
2021-05-12 10:57:24,813 [19] INFO  - Step 'Report Temprature' : Step 'Report Temprature' started
2021-05-12 10:57:24,814 [19] INFO  - Step 'Report Temprature' : 650272
2021-05-12 10:57:24,818 [19] INFO  - Step 'Iteration 1' ended successfully
2021-05-12 10:57:24,820 [19] INFO  - Step 'Test Flow' ended successfully
2021-05-12 10:57:24,822 [19] INFO  - Step 'End' : Step 'End' started
2021-05-12 10:57:24,829 [19] INFO  - Step 'End' ended successfully
