2021-05-11 13:14:51,839 [1] INFO  - Loaded appender: FileAppenderInternal
2021-05-11 13:14:51,876 [1] INFO  - Loaded appender: FileAppenderExternal
2021-05-11 13:14:51,877 [1] INFO  - Loaded appender: UserLoggerAppender
2021-05-11 13:14:51,878 [1] INFO  - Loaded appender: FileAppenderInternal
2021-05-11 13:14:51,879 [1] INFO  - Loaded appender: FileAppenderExternal
2021-05-11 13:14:51,880 [1] INFO  - Loaded appender: UserLoggerAppender
2021-05-11 13:14:52,902 [9] INFO  - Step 'Start' : Step 'Start' started
2021-05-11 13:14:53,010 [9] INFO  - Step 'Start' ended successfully
2021-05-11 13:14:53,021 [9] INFO  - Step 'Test Flow' : Step 'Test Flow' started
2021-05-11 13:14:53,030 [9] INFO  - Step 'Iteration 1' : Step 'Iteration 1' started
2021-05-11 13:14:53,036 [9] INFO  - Step 'Open Connection4' : Step 'Open Connection4' started
2021-05-11 13:14:53,053 [9] INFO  - Step 'Open Connection4' : Connection string: Provider=SQLOLEDB;Password={PWD};Persist Security Info=True;User ID=sa;Initial Catalog=default_alm_academy_db;Data Source=192.168.5.138;
2021-05-11 13:14:53,210 [9] INFO  - Step 'Open Connection4' ended successfully
2021-05-11 13:14:53,212 [9] INFO  - Step 'Select Data6' : Step 'Select Data6' started
2021-05-11 13:14:53,367 [9] INFO  - Step 'Select Data6' ended successfully
2021-05-11 13:14:53,370 [9] INFO  - Step 'Loop8' : Step 'Loop8' started
2021-05-11 13:14:53,395 [9] INFO  - Step 'Iteration 1' : Step 'Iteration 1' started
2021-05-11 13:14:53,400 [9] INFO  - Step 'Report Testname' : Step 'Report Testname' started
2021-05-11 13:14:53,427 [9] INFO  - Step 'Report Testname' : Flight Reservation
2021-05-11 13:14:53,442 [9] INFO  - Step 'Iteration 1' ended successfully
2021-05-11 13:14:53,445 [9] INFO  - Step 'Iteration 2' : Step 'Iteration 2' started
2021-05-11 13:14:53,449 [9] INFO  - Step 'Report Testname' : Step 'Report Testname' started
2021-05-11 13:14:53,470 [9] INFO  - Step 'Report Testname' : Itinerary Page
2021-05-11 13:14:53,477 [9] INFO  - Step 'Iteration 2' ended successfully
2021-05-11 13:14:53,480 [9] INFO  - Step 'Iteration 3' : Step 'Iteration 3' started
2021-05-11 13:14:53,485 [9] INFO  - Step 'Report Testname' : Step 'Report Testname' started
2021-05-11 13:14:53,528 [9] INFO  - Step 'Report Testname' : Profiling
2021-05-11 13:14:53,535 [9] INFO  - Step 'Iteration 3' ended successfully
2021-05-11 13:14:53,538 [9] INFO  - Step 'Iteration 4' : Step 'Iteration 4' started
2021-05-11 13:14:53,544 [9] INFO  - Step 'Report Testname' : Step 'Report Testname' started
2021-05-11 13:14:53,563 [9] INFO  - Step 'Report Testname' : Welcome Page
2021-05-11 13:14:53,569 [9] INFO  - Step 'Iteration 4' ended successfully
2021-05-11 13:14:53,573 [9] INFO  - Step 'Iteration 5' : Step 'Iteration 5' started
2021-05-11 13:14:53,578 [9] INFO  - Step 'Report Testname' : Step 'Report Testname' started
2021-05-11 13:14:53,600 [9] INFO  - Step 'Report Testname' : Book Flight
2021-05-11 13:14:53,607 [9] INFO  - Step 'Iteration 5' ended successfully
2021-05-11 13:14:53,610 [9] INFO  - Step 'Iteration 6' : Step 'Iteration 6' started
2021-05-11 13:14:53,615 [9] INFO  - Step 'Report Testname' : Step 'Report Testname' started
2021-05-11 13:14:53,637 [9] INFO  - Step 'Report Testname' : Flight Confirmation
2021-05-11 13:14:53,643 [9] INFO  - Step 'Iteration 6' ended successfully
2021-05-11 13:14:53,649 [9] INFO  - Step 'Iteration 7' : Step 'Iteration 7' started
2021-05-11 13:14:53,653 [9] INFO  - Step 'Report Testname' : Step 'Report Testname' started
2021-05-11 13:14:53,677 [9] INFO  - Step 'Report Testname' : Find Flight
2021-05-11 13:14:53,684 [9] INFO  - Step 'Iteration 7' ended successfully
2021-05-11 13:14:53,687 [9] INFO  - Step 'Iteration 8' : Step 'Iteration 8' started
2021-05-11 13:14:53,692 [9] INFO  - Step 'Report Testname' : Step 'Report Testname' started
2021-05-11 13:14:53,714 [9] INFO  - Step 'Report Testname' : Select Flight
2021-05-11 13:14:53,720 [9] INFO  - Step 'Iteration 8' ended successfully
2021-05-11 13:14:53,723 [9] INFO  - Step 'Iteration 9' : Step 'Iteration 9' started
2021-05-11 13:14:53,727 [9] INFO  - Step 'Report Testname' : Step 'Report Testname' started
2021-05-11 13:14:53,767 [9] INFO  - Step 'Report Testname' : Review Reservations
2021-05-11 13:14:53,774 [9] INFO  - Step 'Iteration 9' ended successfully
2021-05-11 13:14:53,777 [9] INFO  - Step 'Iteration 10' : Step 'Iteration 10' started
2021-05-11 13:14:53,782 [9] INFO  - Step 'Report Testname' : Step 'Report Testname' started
2021-05-11 13:14:53,805 [9] INFO  - Step 'Report Testname' : Registration
2021-05-11 13:14:53,812 [9] INFO  - Step 'Iteration 10' ended successfully
2021-05-11 13:14:53,815 [9] INFO  - Step 'Iteration 11' : Step 'Iteration 11' started
2021-05-11 13:14:53,820 [9] INFO  - Step 'Report Testname' : Step 'Report Testname' started
2021-05-11 13:14:53,844 [9] INFO  - Step 'Report Testname' : Sign-On
2021-05-11 13:14:53,850 [9] INFO  - Step 'Iteration 11' ended successfully
2021-05-11 13:14:53,853 [9] INFO  - Step 'Iteration 12' : Step 'Iteration 12' started
2021-05-11 13:14:53,858 [9] INFO  - Step 'Report Testname' : Step 'Report Testname' started
2021-05-11 13:14:53,880 [9] INFO  - Step 'Report Testname' : Sign-Off
2021-05-11 13:14:53,887 [9] INFO  - Step 'Iteration 12' ended successfully
2021-05-11 13:14:53,890 [9] INFO  - Step 'Iteration 13' : Step 'Iteration 13' started
2021-05-11 13:14:53,894 [9] INFO  - Step 'Report Testname' : Step 'Report Testname' started
2021-05-11 13:14:53,913 [9] INFO  - Step 'Report Testname' : Connect And Sign-On
2021-05-11 13:14:53,920 [9] INFO  - Step 'Iteration 13' ended successfully
2021-05-11 13:14:53,923 [9] INFO  - Step 'Iteration 14' : Step 'Iteration 14' started
2021-05-11 13:14:53,927 [9] INFO  - Step 'Report Testname' : Step 'Report Testname' started
2021-05-11 13:14:53,953 [9] INFO  - Step 'Report Testname' : Connect
2021-05-11 13:14:53,970 [9] INFO  - Step 'Iteration 14' ended successfully
2021-05-11 13:14:53,986 [9] INFO  - Step 'Iteration 15' : Step 'Iteration 15' started
2021-05-11 13:14:53,990 [9] INFO  - Step 'Report Testname' : Step 'Report Testname' started
2021-05-11 13:14:54,014 [9] INFO  - Step 'Report Testname' : Departing Date
2021-05-11 13:14:54,020 [9] INFO  - Step 'Iteration 15' ended successfully
2021-05-11 13:14:54,023 [9] INFO  - Step 'Iteration 16' : Step 'Iteration 16' started
2021-05-11 13:14:54,027 [9] INFO  - Step 'Report Testname' : Step 'Report Testname' started
2021-05-11 13:14:54,053 [9] INFO  - Step 'Report Testname' : Returning Date
2021-05-11 13:14:54,060 [9] INFO  - Step 'Iteration 16' ended successfully
2021-05-11 13:14:54,063 [9] INFO  - Step 'Iteration 17' : Step 'Iteration 17' started
2021-05-11 13:14:54,067 [9] INFO  - Step 'Report Testname' : Step 'Report Testname' started
2021-05-11 13:14:54,087 [9] INFO  - Step 'Report Testname' : View Calendar
2021-05-11 13:14:54,094 [9] INFO  - Step 'Iteration 17' ended successfully
2021-05-11 13:14:54,096 [9] INFO  - Step 'Iteration 18' : Step 'Iteration 18' started
2021-05-11 13:14:54,100 [9] INFO  - Step 'Report Testname' : Step 'Report Testname' started
2021-05-11 13:14:54,122 [9] INFO  - Step 'Report Testname' : Service Class Preference
2021-05-11 13:14:54,128 [9] INFO  - Step 'Iteration 18' ended successfully
2021-05-11 13:14:54,133 [9] INFO  - Step 'Iteration 19' : Step 'Iteration 19' started
2021-05-11 13:14:54,137 [9] INFO  - Step 'Report Testname' : Step 'Report Testname' started
2021-05-11 13:14:54,157 [9] INFO  - Step 'Report Testname' : Flight Time Preference
2021-05-11 13:14:54,163 [9] INFO  - Step 'Iteration 19' ended successfully
2021-05-11 13:14:54,167 [9] INFO  - Step 'Iteration 20' : Step 'Iteration 20' started
2021-05-11 13:14:54,175 [9] INFO  - Step 'Report Testname' : Step 'Report Testname' started
2021-05-11 13:14:54,198 [9] INFO  - Step 'Report Testname' : Range of Dates
2021-05-11 13:14:54,211 [9] INFO  - Step 'Iteration 20' ended successfully
2021-05-11 13:14:54,214 [9] INFO  - Step 'Iteration 21' : Step 'Iteration 21' started
2021-05-11 13:14:54,217 [9] INFO  - Step 'Report Testname' : Step 'Report Testname' started
2021-05-11 13:14:54,237 [9] INFO  - Step 'Report Testname' : Invalid Date Input
2021-05-11 13:14:54,242 [9] INFO  - Step 'Iteration 21' ended successfully
2021-05-11 13:14:54,245 [9] INFO  - Step 'Iteration 22' : Step 'Iteration 22' started
2021-05-11 13:14:54,248 [9] INFO  - Step 'Report Testname' : Step 'Report Testname' started
2021-05-11 13:14:54,282 [9] INFO  - Step 'Report Testname' : First & Last Name (Contact Information)
2021-05-11 13:14:54,290 [9] INFO  - Step 'Iteration 22' ended successfully
2021-05-11 13:14:54,296 [9] INFO  - Step 'Iteration 23' : Step 'Iteration 23' started
2021-05-11 13:14:54,301 [9] INFO  - Step 'Report Testname' : Step 'Report Testname' started
2021-05-11 13:14:54,324 [9] INFO  - Step 'Report Testname' : Phone (Contact Information)
2021-05-11 13:14:54,331 [9] INFO  - Step 'Iteration 23' ended successfully
2021-05-11 13:14:54,334 [9] INFO  - Step 'Iteration 24' : Step 'Iteration 24' started
2021-05-11 13:14:54,338 [9] INFO  - Step 'Report Testname' : Step 'Report Testname' started
2021-05-11 13:14:54,356 [9] INFO  - Step 'Report Testname' : Email (Contact Information)
2021-05-11 13:14:54,362 [9] INFO  - Step 'Iteration 24' ended successfully
2021-05-11 13:14:54,365 [9] INFO  - Step 'Iteration 25' : Step 'Iteration 25' started
2021-05-11 13:14:54,369 [9] INFO  - Step 'Report Testname' : Step 'Report Testname' started
2021-05-11 13:14:54,391 [9] INFO  - Step 'Report Testname' : Mailing Information
2021-05-11 13:14:54,397 [9] INFO  - Step 'Iteration 25' ended successfully
2021-05-11 13:14:54,400 [9] INFO  - Step 'Iteration 26' : Step 'Iteration 26' started
2021-05-11 13:14:54,404 [9] INFO  - Step 'Report Testname' : Step 'Report Testname' started
2021-05-11 13:14:54,426 [9] INFO  - Step 'Report Testname' : Book Flight Preparation
2021-05-11 13:14:54,432 [9] INFO  - Step 'Iteration 26' ended successfully
2021-05-11 13:14:54,435 [9] INFO  - Step 'Iteration 27' : Step 'Iteration 27' started
2021-05-11 13:14:54,438 [9] INFO  - Step 'Report Testname' : Step 'Report Testname' started
2021-05-11 13:14:54,456 [9] INFO  - Step 'Report Testname' : Passenger Name
2021-05-11 13:14:54,462 [9] INFO  - Step 'Iteration 27' ended successfully
2021-05-11 13:14:54,464 [9] INFO  - Step 'Iteration 28' : Step 'Iteration 28' started
2021-05-11 13:14:54,469 [9] INFO  - Step 'Report Testname' : Step 'Report Testname' started
2021-05-11 13:14:54,489 [9] INFO  - Step 'Report Testname' : User Name
2021-05-11 13:14:54,495 [9] INFO  - Step 'Iteration 28' ended successfully
2021-05-11 13:14:54,498 [9] INFO  - Step 'Iteration 29' : Step 'Iteration 29' started
2021-05-11 13:14:54,502 [9] INFO  - Step 'Report Testname' : Step 'Report Testname' started
2021-05-11 13:14:54,536 [9] INFO  - Step 'Report Testname' : Password
2021-05-11 13:14:54,542 [9] INFO  - Step 'Iteration 29' ended successfully
2021-05-11 13:14:54,545 [9] INFO  - Step 'Iteration 30' : Step 'Iteration 30' started
2021-05-11 13:14:54,549 [9] INFO  - Step 'Report Testname' : Step 'Report Testname' started
2021-05-11 13:14:54,567 [9] INFO  - Step 'Report Testname' : Confirm Password
2021-05-11 13:14:54,573 [9] INFO  - Step 'Iteration 30' ended successfully
2021-05-11 13:14:54,576 [9] INFO  - Step 'Iteration 31' : Step 'Iteration 31' started
2021-05-11 13:14:54,579 [9] INFO  - Step 'Report Testname' : Step 'Report Testname' started
2021-05-11 13:14:54,598 [9] INFO  - Step 'Report Testname' : Credit Card Number
2021-05-11 13:14:54,604 [9] INFO  - Step 'Iteration 31' ended successfully
2021-05-11 13:14:54,607 [9] INFO  - Step 'Iteration 32' : Step 'Iteration 32' started
2021-05-11 13:14:54,610 [9] INFO  - Step 'Report Testname' : Step 'Report Testname' started
2021-05-11 13:14:54,628 [9] INFO  - Step 'Report Testname' : Credit Card Expiration Date
2021-05-11 13:14:54,634 [9] INFO  - Step 'Iteration 32' ended successfully
2021-05-11 13:14:54,637 [9] INFO  - Step 'Iteration 33' : Step 'Iteration 33' started
2021-05-11 13:14:54,641 [9] INFO  - Step 'Report Testname' : Step 'Report Testname' started
2021-05-11 13:14:54,663 [9] INFO  - Step 'Report Testname' : Credit Card Owner
2021-05-11 13:14:54,668 [9] INFO  - Step 'Iteration 33' ended successfully
2021-05-11 13:14:54,671 [9] INFO  - Step 'Iteration 34' : Step 'Iteration 34' started
2021-05-11 13:14:54,675 [9] INFO  - Step 'Report Testname' : Step 'Report Testname' started
2021-05-11 13:14:54,699 [9] INFO  - Step 'Report Testname' : Sign-On User Name
2021-05-11 13:14:54,705 [9] INFO  - Step 'Iteration 34' ended successfully
2021-05-11 13:14:54,708 [9] INFO  - Step 'Iteration 35' : Step 'Iteration 35' started
2021-05-11 13:14:54,712 [9] INFO  - Step 'Report Testname' : Step 'Report Testname' started
2021-05-11 13:14:54,754 [9] INFO  - Step 'Report Testname' : User Name Verification
2021-05-11 13:14:54,761 [9] INFO  - Step 'Iteration 35' ended successfully
2021-05-11 13:14:54,764 [9] INFO  - Step 'Iteration 36' : Step 'Iteration 36' started
2021-05-11 13:14:54,768 [9] INFO  - Step 'Report Testname' : Step 'Report Testname' started
2021-05-11 13:14:54,786 [9] INFO  - Step 'Report Testname' : Sign-On Password
2021-05-11 13:14:54,791 [9] INFO  - Step 'Iteration 36' ended successfully
2021-05-11 13:14:54,794 [9] INFO  - Step 'Iteration 37' : Step 'Iteration 37' started
2021-05-11 13:14:54,798 [9] INFO  - Step 'Report Testname' : Step 'Report Testname' started
2021-05-11 13:14:54,820 [9] INFO  - Step 'Report Testname' : Password Verification
2021-05-11 13:14:54,826 [9] INFO  - Step 'Iteration 37' ended successfully
2021-05-11 13:14:54,829 [9] INFO  - Step 'Iteration 38' : Step 'Iteration 38' started
2021-05-11 13:14:54,833 [9] INFO  - Step 'Report Testname' : Step 'Report Testname' started
2021-05-11 13:14:54,852 [9] INFO  - Step 'Report Testname' : Billing And Delivery Address
2021-05-11 13:14:54,859 [9] INFO  - Step 'Iteration 38' ended successfully
2021-05-11 13:14:54,862 [9] INFO  - Step 'Iteration 39' : Step 'Iteration 39' started
2021-05-11 13:14:54,866 [9] INFO  - Step 'Report Testname' : Step 'Report Testname' started
2021-05-11 13:14:54,885 [9] INFO  - Step 'Report Testname' : Address Options
2021-05-11 13:14:54,891 [9] INFO  - Step 'Iteration 39' ended successfully
2021-05-11 13:14:54,894 [9] INFO  - Step 'Iteration 40' : Step 'Iteration 40' started
2021-05-11 13:14:54,900 [9] INFO  - Step 'Report Testname' : Step 'Report Testname' started
2021-05-11 13:14:54,921 [9] INFO  - Step 'Report Testname' : Print Confirmation
2021-05-11 13:14:54,927 [9] INFO  - Step 'Iteration 40' ended successfully
2021-05-11 13:14:54,930 [9] INFO  - Step 'Iteration 41' : Step 'Iteration 41' started
2021-05-11 13:14:54,934 [9] INFO  - Step 'Report Testname' : Step 'Report Testname' started
2021-05-11 13:14:54,952 [9] INFO  - Step 'Report Testname' : Flight Confirmation Navigation
2021-05-11 13:14:54,957 [9] INFO  - Step 'Iteration 41' ended successfully
2021-05-11 13:14:54,960 [9] INFO  - Step 'Iteration 42' : Step 'Iteration 42' started
2021-05-11 13:14:54,964 [9] INFO  - Step 'Report Testname' : Step 'Report Testname' started
2021-05-11 13:14:54,993 [9] INFO  - Step 'Report Testname' : Edit Profile
2021-05-11 13:14:54,999 [9] INFO  - Step 'Iteration 42' ended successfully
2021-05-11 13:14:55,002 [9] INFO  - Step 'Iteration 43' : Step 'Iteration 43' started
2021-05-11 13:14:55,006 [9] INFO  - Step 'Report Testname' : Step 'Report Testname' started
2021-05-11 13:14:55,025 [9] INFO  - Step 'Report Testname' : Change Email (Contact Information)
2021-05-11 13:14:55,031 [9] INFO  - Step 'Iteration 43' ended successfully
2021-05-11 13:14:55,034 [9] INFO  - Step 'Iteration 44' : Step 'Iteration 44' started
2021-05-11 13:14:55,038 [9] INFO  - Step 'Report Testname' : Step 'Report Testname' started
2021-05-11 13:14:55,055 [9] INFO  - Step 'Report Testname' : Spelling & Grammar
2021-05-11 13:14:55,061 [9] INFO  - Step 'Iteration 44' ended successfully
2021-05-11 13:14:55,064 [9] INFO  - Step 'Iteration 45' : Step 'Iteration 45' started
2021-05-11 13:14:55,068 [9] INFO  - Step 'Report Testname' : Step 'Report Testname' started
2021-05-11 13:14:55,085 [9] INFO  - Step 'Report Testname' : Tab Order
2021-05-11 13:14:55,089 [9] INFO  - Step 'Iteration 45' ended successfully
2021-05-11 13:14:55,092 [9] INFO  - Step 'Iteration 46' : Step 'Iteration 46' started
2021-05-11 13:14:55,096 [9] INFO  - Step 'Report Testname' : Step 'Report Testname' started
2021-05-11 13:14:55,118 [9] INFO  - Step 'Report Testname' : Navigation Bars
2021-05-11 13:14:55,124 [9] INFO  - Step 'Iteration 46' ended successfully
2021-05-11 13:14:55,127 [9] INFO  - Step 'Iteration 47' : Step 'Iteration 47' started
2021-05-11 13:14:55,131 [9] INFO  - Step 'Report Testname' : Step 'Report Testname' started
2021-05-11 13:14:55,151 [9] INFO  - Step 'Report Testname' : Flight Cost By Passengers Quantity
2021-05-11 13:14:55,157 [9] INFO  - Step 'Iteration 47' ended successfully
2021-05-11 13:14:55,161 [9] INFO  - Step 'Iteration 48' : Step 'Iteration 48' started
2021-05-11 13:14:55,166 [9] INFO  - Step 'Report Testname' : Step 'Report Testname' started
2021-05-11 13:14:55,215 [9] INFO  - Step 'Report Testname' : Flight Cost By Service Class
2021-05-11 13:14:55,222 [9] INFO  - Step 'Iteration 48' ended successfully
2021-05-11 13:14:55,225 [9] INFO  - Step 'Iteration 49' : Step 'Iteration 49' started
2021-05-11 13:14:55,230 [9] INFO  - Step 'Report Testname' : Step 'Report Testname' started
2021-05-11 13:14:55,252 [9] INFO  - Step 'Report Testname' : Change First & Last Name (Contact Information)
2021-05-11 13:14:55,258 [9] INFO  - Step 'Iteration 49' ended successfully
2021-05-11 13:14:55,261 [9] INFO  - Step 'Iteration 50' : Step 'Iteration 50' started
2021-05-11 13:14:55,265 [9] INFO  - Step 'Report Testname' : Step 'Report Testname' started
2021-05-11 13:14:55,282 [9] INFO  - Step 'Report Testname' : HTML Page Layout
2021-05-11 13:14:55,287 [9] INFO  - Step 'Iteration 50' ended successfully
2021-05-11 13:14:55,290 [9] INFO  - Step 'Iteration 51' : Step 'Iteration 51' started
2021-05-11 13:14:55,293 [9] INFO  - Step 'Report Testname' : Step 'Report Testname' started
2021-05-11 13:14:55,313 [9] INFO  - Step 'Report Testname' : Forms
2021-05-11 13:14:55,320 [9] INFO  - Step 'Iteration 51' ended successfully
2021-05-11 13:14:55,324 [9] INFO  - Step 'Iteration 52' : Step 'Iteration 52' started
2021-05-11 13:14:55,329 [9] INFO  - Step 'Report Testname' : Step 'Report Testname' started
2021-05-11 13:14:55,350 [9] INFO  - Step 'Report Testname' : Change Phone (Contact Information)
2021-05-11 13:14:55,356 [9] INFO  - Step 'Iteration 52' ended successfully
2021-05-11 13:14:55,359 [9] INFO  - Step 'Iteration 53' : Step 'Iteration 53' started
2021-05-11 13:14:55,362 [9] INFO  - Step 'Report Testname' : Step 'Report Testname' started
2021-05-11 13:14:55,386 [9] INFO  - Step 'Report Testname' : Change Mailing Information
2021-05-11 13:14:55,391 [9] INFO  - Step 'Iteration 53' ended successfully
2021-05-11 13:14:55,395 [9] INFO  - Step 'Iteration 54' : Step 'Iteration 54' started
2021-05-11 13:14:55,399 [9] INFO  - Step 'Report Testname' : Step 'Report Testname' started
2021-05-11 13:14:55,421 [9] INFO  - Step 'Report Testname' : Check Reservation Details
2021-05-11 13:14:55,428 [9] INFO  - Step 'Iteration 54' ended successfully
2021-05-11 13:14:55,430 [9] INFO  - Step 'Iteration 55' : Step 'Iteration 55' started
2021-05-11 13:14:55,434 [9] INFO  - Step 'Report Testname' : Step 'Report Testname' started
2021-05-11 13:14:55,471 [9] INFO  - Step 'Report Testname' : Cancel All Reservations
2021-05-11 13:14:55,479 [9] INFO  - Step 'Iteration 55' ended successfully
2021-05-11 13:14:55,482 [9] INFO  - Step 'Iteration 56' : Step 'Iteration 56' started
2021-05-11 13:14:55,485 [9] INFO  - Step 'Report Testname' : Step 'Report Testname' started
2021-05-11 13:14:55,506 [9] INFO  - Step 'Report Testname' : Cancel Checked Reservations
2021-05-11 13:14:55,514 [9] INFO  - Step 'Iteration 56' ended successfully
2021-05-11 13:14:55,517 [9] INFO  - Step 'Iteration 57' : Step 'Iteration 57' started
2021-05-11 13:14:55,521 [9] INFO  - Step 'Report Testname' : Step 'Report Testname' started
2021-05-11 13:14:55,545 [9] INFO  - Step 'Report Testname' : HTML Page Source
2021-05-11 13:14:55,552 [9] INFO  - Step 'Iteration 57' ended successfully
2021-05-11 13:14:55,555 [9] INFO  - Step 'Iteration 58' : Step 'Iteration 58' started
2021-05-11 13:14:55,560 [9] INFO  - Step 'Report Testname' : Step 'Report Testname' started
2021-05-11 13:14:55,584 [9] INFO  - Step 'Report Testname' : HTML Tag
2021-05-11 13:14:55,589 [9] INFO  - Step 'Iteration 58' ended successfully
2021-05-11 13:14:55,592 [9] INFO  - Step 'Iteration 59' : Step 'Iteration 59' started
2021-05-11 13:14:55,596 [9] INFO  - Step 'Report Testname' : Step 'Report Testname' started
2021-05-11 13:14:55,616 [9] INFO  - Step 'Report Testname' : Find Flight Page
2021-05-11 13:14:55,620 [9] INFO  - Step 'Iteration 59' ended successfully
2021-05-11 13:14:55,622 [9] INFO  - Step 'Iteration 60' : Step 'Iteration 60' started
2021-05-11 13:14:55,625 [9] INFO  - Step 'Report Testname' : Step 'Report Testname' started
2021-05-11 13:14:55,643 [9] INFO  - Step 'Report Testname' : Select Flight Page
2021-05-11 13:14:55,648 [9] INFO  - Step 'Iteration 60' ended successfully
2021-05-11 13:14:55,650 [9] INFO  - Step 'Iteration 61' : Step 'Iteration 61' started
2021-05-11 13:14:55,654 [9] INFO  - Step 'Report Testname' : Step 'Report Testname' started
2021-05-11 13:14:55,684 [9] INFO  - Step 'Report Testname' : Book Flight Page
2021-05-11 13:14:55,690 [9] INFO  - Step 'Iteration 61' ended successfully
2021-05-11 13:14:55,693 [9] INFO  - Step 'Iteration 62' : Step 'Iteration 62' started
2021-05-11 13:14:55,698 [9] INFO  - Step 'Report Testname' : Step 'Report Testname' started
2021-05-11 13:14:55,721 [9] INFO  - Step 'Report Testname' : Flight Confirmation Page
2021-05-11 13:14:55,728 [9] INFO  - Step 'Iteration 62' ended successfully
2021-05-11 13:14:55,731 [9] INFO  - Step 'Iteration 63' : Step 'Iteration 63' started
2021-05-11 13:14:55,736 [9] INFO  - Step 'Report Testname' : Step 'Report Testname' started
2021-05-11 13:14:55,756 [9] INFO  - Step 'Report Testname' : Registration Page
2021-05-11 13:14:55,763 [9] INFO  - Step 'Iteration 63' ended successfully
2021-05-11 13:14:55,766 [9] INFO  - Step 'Iteration 64' : Step 'Iteration 64' started
2021-05-11 13:14:55,769 [9] INFO  - Step 'Report Testname' : Step 'Report Testname' started
2021-05-11 13:14:55,790 [9] INFO  - Step 'Report Testname' : Sign-On Page
2021-05-11 13:14:55,796 [9] INFO  - Step 'Iteration 64' ended successfully
2021-05-11 13:14:55,799 [9] INFO  - Step 'Iteration 65' : Step 'Iteration 65' started
2021-05-11 13:14:55,803 [9] INFO  - Step 'Report Testname' : Step 'Report Testname' started
2021-05-11 13:14:55,824 [9] INFO  - Step 'Report Testname' : Edit Profile Page
2021-05-11 13:14:55,830 [9] INFO  - Step 'Iteration 65' ended successfully
2021-05-11 13:14:55,832 [9] INFO  - Step 'Iteration 66' : Step 'Iteration 66' started
2021-05-11 13:14:55,837 [9] INFO  - Step 'Report Testname' : Step 'Report Testname' started
2021-05-11 13:14:55,857 [9] INFO  - Step 'Report Testname' : Reservation Details Page
2021-05-11 13:14:55,862 [9] INFO  - Step 'Iteration 66' ended successfully
2021-05-11 13:14:55,865 [9] INFO  - Step 'Iteration 67' : Step 'Iteration 67' started
2021-05-11 13:14:55,869 [9] INFO  - Step 'Report Testname' : Step 'Report Testname' started
2021-05-11 13:14:55,884 [9] INFO  - Step 'Report Testname' : Signing_Stress
2021-05-11 13:14:55,889 [9] INFO  - Step 'Iteration 67' ended successfully
2021-05-11 13:14:55,892 [9] INFO  - Step 'Iteration 68' : Step 'Iteration 68' started
2021-05-11 13:14:55,895 [9] INFO  - Step 'Report Testname' : Step 'Report Testname' started
2021-05-11 13:14:55,920 [9] INFO  - Step 'Report Testname' : Connect_Site_Stress
2021-05-11 13:14:55,926 [9] INFO  - Step 'Iteration 68' ended successfully
2021-05-11 13:14:55,929 [9] INFO  - Step 'Iteration 69' : Step 'Iteration 69' started
2021-05-11 13:14:55,932 [9] INFO  - Step 'Report Testname' : Step 'Report Testname' started
2021-05-11 13:14:55,952 [9] INFO  - Step 'Report Testname' : Flight_Reservation_Stress
2021-05-11 13:14:55,957 [9] INFO  - Step 'Iteration 69' ended successfully
2021-05-11 13:14:55,960 [9] INFO  - Step 'Iteration 70' : Step 'Iteration 70' started
2021-05-11 13:14:55,963 [9] INFO  - Step 'Report Testname' : Step 'Report Testname' started
2021-05-11 13:14:55,981 [9] INFO  - Step 'Report Testname' : Site_Stability
2021-05-11 13:14:55,987 [9] INFO  - Step 'Iteration 70' ended successfully
2021-05-11 13:14:55,989 [9] INFO  - Step 'Iteration 71' : Step 'Iteration 71' started
2021-05-11 13:14:55,993 [9] INFO  - Step 'Report Testname' : Step 'Report Testname' started
2021-05-11 13:14:56,012 [9] INFO  - Step 'Report Testname' : Connect_Site
2021-05-11 13:14:56,018 [9] INFO  - Step 'Iteration 71' ended successfully
2021-05-11 13:14:56,020 [9] INFO  - Step 'Iteration 72' : Step 'Iteration 72' started
2021-05-11 13:14:56,025 [9] INFO  - Step 'Report Testname' : Step 'Report Testname' started
2021-05-11 13:14:56,046 [9] INFO  - Step 'Report Testname' : Flight_Reservation
2021-05-11 13:14:56,052 [9] INFO  - Step 'Iteration 72' ended successfully
2021-05-11 13:14:56,055 [9] INFO  - Step 'Iteration 73' : Step 'Iteration 73' started
2021-05-11 13:14:56,059 [9] INFO  - Step 'Report Testname' : Step 'Report Testname' started
2021-05-11 13:14:56,082 [9] INFO  - Step 'Report Testname' : Signing
2021-05-11 13:14:56,089 [9] INFO  - Step 'Iteration 73' ended successfully
2021-05-11 13:14:56,092 [9] INFO  - Step 'Iteration 74' : Step 'Iteration 74' started
2021-05-11 13:14:56,096 [9] INFO  - Step 'Report Testname' : Step 'Report Testname' started
2021-05-11 13:14:56,137 [9] INFO  - Step 'Report Testname' : Create order
2021-05-11 13:14:56,148 [9] INFO  - Step 'Iteration 74' ended successfully
2021-05-11 13:14:56,152 [9] INFO  - Step 'Iteration 75' : Step 'Iteration 75' started
2021-05-11 13:14:56,157 [9] INFO  - Step 'Report Testname' : Step 'Report Testname' started
2021-05-11 13:14:56,182 [9] INFO  - Step 'Report Testname' : Create Order Flow
2021-05-11 13:14:56,189 [9] INFO  - Step 'Iteration 75' ended successfully
2021-05-11 13:14:56,193 [9] INFO  - Step 'Iteration 76' : Step 'Iteration 76' started
2021-05-11 13:14:56,200 [9] INFO  - Step 'Report Testname' : Step 'Report Testname' started
2021-05-11 13:14:56,221 [9] INFO  - Step 'Report Testname' : Delete Order
2021-05-11 13:14:56,228 [9] INFO  - Step 'Iteration 76' ended successfully
2021-05-11 13:14:56,231 [9] INFO  - Step 'Iteration 77' : Step 'Iteration 77' started
2021-05-11 13:14:56,236 [9] INFO  - Step 'Report Testname' : Step 'Report Testname' started
2021-05-11 13:14:56,259 [9] INFO  - Step 'Report Testname' : Login and Initialize Application Flow
2021-05-11 13:14:56,265 [9] INFO  - Step 'Iteration 77' ended successfully
2021-05-11 13:14:56,268 [9] INFO  - Step 'Iteration 78' : Step 'Iteration 78' started
2021-05-11 13:14:56,273 [9] INFO  - Step 'Report Testname' : Step 'Report Testname' started
2021-05-11 13:14:56,301 [9] INFO  - Step 'Report Testname' : Open order
2021-05-11 13:14:56,309 [9] INFO  - Step 'Iteration 78' ended successfully
2021-05-11 13:14:56,312 [9] INFO  - Step 'Iteration 79' : Step 'Iteration 79' started
2021-05-11 13:14:56,317 [9] INFO  - Step 'Report Testname' : Step 'Report Testname' started
2021-05-11 13:14:56,340 [9] INFO  - Step 'Report Testname' : Update order
2021-05-11 13:14:56,347 [9] INFO  - Step 'Iteration 79' ended successfully
2021-05-11 13:14:56,351 [9] INFO  - Step 'Iteration 80' : Step 'Iteration 80' started
2021-05-11 13:14:56,357 [9] INFO  - Step 'Report Testname' : Step 'Report Testname' started
2021-05-11 13:14:56,377 [9] INFO  - Step 'Report Testname' : Create and delete order
2021-05-11 13:14:56,387 [9] INFO  - Step 'Iteration 80' ended successfully
2021-05-11 13:14:56,389 [9] INFO  - Step 'Iteration 81' : Step 'Iteration 81' started
2021-05-11 13:14:56,400 [9] INFO  - Step 'Report Testname' : Step 'Report Testname' started
2021-05-11 13:14:56,420 [9] INFO  - Step 'Report Testname' : Fax order
2021-05-11 13:14:56,427 [9] INFO  - Step 'Iteration 81' ended successfully
2021-05-11 13:14:56,430 [9] INFO  - Step 'Iteration 82' : Step 'Iteration 82' started
2021-05-11 13:14:56,435 [9] INFO  - Step 'Report Testname' : Step 'Report Testname' started
2021-05-11 13:14:56,457 [9] INFO  - Step 'Report Testname' : Departing And Arriving Locations
2021-05-11 13:14:56,463 [9] INFO  - Step 'Iteration 82' ended successfully
2021-05-11 13:14:56,467 [9] INFO  - Step 'Iteration 83' : Step 'Iteration 83' started
2021-05-11 13:14:56,471 [9] INFO  - Step 'Report Testname' : Step 'Report Testname' started
2021-05-11 13:14:56,491 [9] INFO  - Step 'Report Testname' : Number Of Passengers
2021-05-11 13:14:56,496 [9] INFO  - Step 'Iteration 83' ended successfully
2021-05-11 13:14:56,500 [9] INFO  - Step 'Iteration 84' : Step 'Iteration 84' started
2021-05-11 13:14:56,504 [9] INFO  - Step 'Report Testname' : Step 'Report Testname' started
2021-05-11 13:14:56,527 [9] INFO  - Step 'Report Testname' : Trip Type
2021-05-11 13:14:56,534 [9] INFO  - Step 'Iteration 84' ended successfully
2021-05-11 13:14:56,538 [9] INFO  - Step 'Iteration 85' : Step 'Iteration 85' started
2021-05-11 13:14:56,544 [9] INFO  - Step 'Report Testname' : Step 'Report Testname' started
2021-05-11 13:14:56,566 [9] INFO  - Step 'Report Testname' : Fill Order
2021-05-11 13:14:56,572 [9] INFO  - Step 'Iteration 85' ended successfully
2021-05-11 13:14:56,576 [9] INFO  - Step 'Iteration 86' : Step 'Iteration 86' started
2021-05-11 13:14:56,580 [9] INFO  - Step 'Report Testname' : Step 'Report Testname' started
2021-05-11 13:14:56,601 [9] INFO  - Step 'Report Testname' : Ship product
2021-05-11 13:14:56,607 [9] INFO  - Step 'Iteration 86' ended successfully
2021-05-11 13:14:56,610 [9] INFO  - Step 'Iteration 87' : Step 'Iteration 87' started
2021-05-11 13:14:56,615 [9] INFO  - Step 'Report Testname' : Step 'Report Testname' started
2021-05-11 13:14:56,647 [9] INFO  - Step 'Report Testname' : Complete  order
2021-05-11 13:14:56,655 [9] INFO  - Step 'Iteration 87' ended successfully
2021-05-11 13:14:56,658 [9] INFO  - Step 'Iteration 88' : Step 'Iteration 88' started
2021-05-11 13:14:56,663 [9] INFO  - Step 'Report Testname' : Step 'Report Testname' started
2021-05-11 13:14:56,687 [9] INFO  - Step 'Report Testname' : Approve credit
2021-05-11 13:14:56,693 [9] INFO  - Step 'Iteration 88' ended successfully
2021-05-11 13:14:56,696 [9] INFO  - Step 'Iteration 89' : Step 'Iteration 89' started
2021-05-11 13:14:56,705 [9] INFO  - Step 'Report Testname' : Step 'Report Testname' started
2021-05-11 13:14:56,727 [9] INFO  - Step 'Report Testname' : Fill order - Path 1
2021-05-11 13:14:56,733 [9] INFO  - Step 'Iteration 89' ended successfully
2021-05-11 13:14:56,737 [9] INFO  - Step 'Iteration 90' : Step 'Iteration 90' started
2021-05-11 13:14:56,741 [9] INFO  - Step 'Report Testname' : Step 'Report Testname' started
2021-05-11 13:14:56,762 [9] INFO  - Step 'Report Testname' : Assemble order
2021-05-11 13:14:56,768 [9] INFO  - Step 'Iteration 90' ended successfully
2021-05-11 13:14:56,771 [9] INFO  - Step 'Iteration 91' : Step 'Iteration 91' started
2021-05-11 13:14:56,777 [9] INFO  - Step 'Report Testname' : Step 'Report Testname' started
2021-05-11 13:14:56,800 [9] INFO  - Step 'Report Testname' : Test assembly
2021-05-11 13:14:56,806 [9] INFO  - Step 'Iteration 91' ended successfully
2021-05-11 13:14:56,809 [9] INFO  - Step 'Iteration 92' : Step 'Iteration 92' started
2021-05-11 13:14:56,816 [9] INFO  - Step 'Report Testname' : Step 'Report Testname' started
2021-05-11 13:14:56,838 [9] INFO  - Step 'Report Testname' : Select specifications
2021-05-11 13:14:56,845 [9] INFO  - Step 'Iteration 92' ended successfully
2021-05-11 13:14:56,849 [9] INFO  - Step 'Iteration 93' : Step 'Iteration 93' started
2021-05-11 13:14:56,853 [9] INFO  - Step 'Report Testname' : Step 'Report Testname' started
2021-05-11 13:14:56,875 [9] INFO  - Step 'Report Testname' : Assemble components
2021-05-11 13:14:56,885 [9] INFO  - Step 'Iteration 93' ended successfully
2021-05-11 13:14:56,915 [9] INFO  - Step 'Iteration 94' : Step 'Iteration 94' started
2021-05-11 13:14:56,919 [9] INFO  - Step 'Report Testname' : Step 'Report Testname' started
2021-05-11 13:14:56,946 [9] INFO  - Step 'Report Testname' : Repair assembly
2021-05-11 13:14:56,953 [9] INFO  - Step 'Iteration 94' ended successfully
2021-05-11 13:14:56,956 [9] INFO  - Step 'Iteration 95' : Step 'Iteration 95' started
2021-05-11 13:14:56,960 [9] INFO  - Step 'Report Testname' : Step 'Report Testname' started
2021-05-11 13:14:56,979 [9] INFO  - Step 'Report Testname' : Fill order - path 3
2021-05-11 13:14:56,984 [9] INFO  - Step 'Iteration 95' ended successfully
2021-05-11 13:14:56,987 [9] INFO  - Step 'Iteration 96' : Step 'Iteration 96' started
2021-05-11 13:14:56,991 [9] INFO  - Step 'Report Testname' : Step 'Report Testname' started
2021-05-11 13:14:57,011 [9] INFO  - Step 'Report Testname' : schedule production
2021-05-11 13:14:57,017 [9] INFO  - Step 'Iteration 96' ended successfully
2021-05-11 13:14:57,020 [9] INFO  - Step 'Iteration 97' : Step 'Iteration 97' started
2021-05-11 13:14:57,023 [9] INFO  - Step 'Report Testname' : Step 'Report Testname' started
2021-05-11 13:14:57,045 [9] INFO  - Step 'Report Testname' : Supply components
2021-05-11 13:14:57,052 [9] INFO  - Step 'Iteration 97' ended successfully
2021-05-11 13:14:57,055 [9] INFO  - Step 'Iteration 98' : Step 'Iteration 98' started
2021-05-11 13:14:57,060 [9] INFO  - Step 'Report Testname' : Step 'Report Testname' started
2021-05-11 13:14:57,083 [9] INFO  - Step 'Report Testname' : Package product
2021-05-11 13:14:57,089 [9] INFO  - Step 'Iteration 98' ended successfully
2021-05-11 13:14:57,101 [9] INFO  - Step 'Iteration 99' : Step 'Iteration 99' started
2021-05-11 13:14:57,105 [9] INFO  - Step 'Report Testname' : Step 'Report Testname' started
2021-05-11 13:14:57,123 [9] INFO  - Step 'Report Testname' : Build product
2021-05-11 13:14:57,128 [9] INFO  - Step 'Iteration 99' ended successfully
2021-05-11 13:14:57,131 [9] INFO  - Step 'Iteration 100' : Step 'Iteration 100' started
2021-05-11 13:14:57,135 [9] INFO  - Step 'Report Testname' : Step 'Report Testname' started
2021-05-11 13:14:57,163 [9] INFO  - Step 'Report Testname' : Build product - path 1
2021-05-11 13:14:57,177 [9] INFO  - Step 'Iteration 100' ended successfully
2021-05-11 13:14:57,180 [9] INFO  - Step 'Iteration 101' : Step 'Iteration 101' started
2021-05-11 13:14:57,185 [9] INFO  - Step 'Report Testname' : Step 'Report Testname' started
2021-05-11 13:14:57,202 [9] INFO  - Step 'Report Testname' : Build product - path 2
2021-05-11 13:14:57,208 [9] INFO  - Step 'Iteration 101' ended successfully
2021-05-11 13:14:57,211 [9] INFO  - Step 'Iteration 102' : Step 'Iteration 102' started
2021-05-11 13:14:57,215 [9] INFO  - Step 'Report Testname' : Step 'Report Testname' started
2021-05-11 13:14:57,232 [9] INFO  - Step 'Report Testname' : Contact processing
2021-05-11 13:14:57,237 [9] INFO  - Step 'Iteration 102' ended successfully
2021-05-11 13:14:57,240 [9] INFO  - Step 'Iteration 103' : Step 'Iteration 103' started
2021-05-11 13:14:57,244 [9] INFO  - Step 'Report Testname' : Step 'Report Testname' started
2021-05-11 13:14:57,267 [9] INFO  - Step 'Report Testname' : Send contact
2021-05-11 13:14:57,272 [9] INFO  - Step 'Iteration 103' ended successfully
2021-05-11 13:14:57,276 [9] INFO  - Step 'Iteration 104' : Step 'Iteration 104' started
2021-05-11 13:14:57,279 [9] INFO  - Step 'Report Testname' : Step 'Report Testname' started
2021-05-11 13:14:57,299 [9] INFO  - Step 'Report Testname' : Sign contact
2021-05-11 13:14:57,309 [9] INFO  - Step 'Iteration 104' ended successfully
2021-05-11 13:14:57,312 [9] INFO  - Step 'Iteration 105' : Step 'Iteration 105' started
2021-05-11 13:14:57,315 [9] INFO  - Step 'Report Testname' : Step 'Report Testname' started
2021-05-11 13:14:57,336 [9] INFO  - Step 'Report Testname' : See customer off
2021-05-11 13:14:57,342 [9] INFO  - Step 'Iteration 105' ended successfully
2021-05-11 13:14:57,344 [9] INFO  - Step 'Iteration 106' : Step 'Iteration 106' started
2021-05-11 13:14:57,349 [9] INFO  - Step 'Report Testname' : Step 'Report Testname' started
2021-05-11 13:14:57,369 [9] INFO  - Step 'Report Testname' : Determine
2021-05-11 13:14:57,381 [9] INFO  - Step 'Iteration 106' ended successfully
2021-05-11 13:14:57,384 [9] INFO  - Step 'Iteration 107' : Step 'Iteration 107' started
2021-05-11 13:14:57,387 [9] INFO  - Step 'Report Testname' : Step 'Report Testname' started
2021-05-11 13:14:57,407 [9] INFO  - Step 'Report Testname' : Send original
2021-05-11 13:14:57,413 [9] INFO  - Step 'Iteration 107' ended successfully
2021-05-11 13:14:57,415 [9] INFO  - Step 'Iteration 108' : Step 'Iteration 108' started
2021-05-11 13:14:57,420 [9] INFO  - Step 'Report Testname' : Step 'Report Testname' started
2021-05-11 13:14:57,442 [9] INFO  - Step 'Report Testname' : Create contact
2021-05-11 13:14:57,447 [9] INFO  - Step 'Iteration 108' ended successfully
2021-05-11 13:14:57,450 [9] INFO  - Step 'Iteration 109' : Step 'Iteration 109' started
2021-05-11 13:14:57,454 [9] INFO  - Step 'Report Testname' : Step 'Report Testname' started
2021-05-11 13:14:57,471 [9] INFO  - Step 'Report Testname' : Check
2021-05-11 13:14:57,476 [9] INFO  - Step 'Iteration 109' ended successfully
2021-05-11 13:14:57,479 [9] INFO  - Step 'Iteration 110' : Step 'Iteration 110' started
2021-05-11 13:14:57,482 [9] INFO  - Step 'Report Testname' : Step 'Report Testname' started
2021-05-11 13:14:57,504 [9] INFO  - Step 'Report Testname' : Agree on
2021-05-11 13:14:57,510 [9] INFO  - Step 'Iteration 110' ended successfully
2021-05-11 13:14:57,513 [9] INFO  - Step 'Iteration 111' : Step 'Iteration 111' started
2021-05-11 13:14:57,516 [9] INFO  - Step 'Report Testname' : Step 'Report Testname' started
2021-05-11 13:14:57,536 [9] INFO  - Step 'Report Testname' : Contact processing - path 1
2021-05-11 13:14:57,541 [9] INFO  - Step 'Iteration 111' ended successfully
2021-05-11 13:14:57,544 [9] INFO  - Step 'Iteration 112' : Step 'Iteration 112' started
2021-05-11 13:14:57,548 [9] INFO  - Step 'Report Testname' : Step 'Report Testname' started
2021-05-11 13:14:57,566 [9] INFO  - Step 'Report Testname' : Contact processing - path 2
2021-05-11 13:14:57,571 [9] INFO  - Step 'Iteration 112' ended successfully
2021-05-11 13:14:57,574 [9] INFO  - Step 'Iteration 113' : Step 'Iteration 113' started
2021-05-11 13:14:57,578 [9] INFO  - Step 'Report Testname' : Step 'Report Testname' started
2021-05-11 13:14:57,606 [9] INFO  - Step 'Report Testname' : Contact processing - path 3
2021-05-11 13:14:57,612 [9] INFO  - Step 'Iteration 113' ended successfully
2021-05-11 13:14:57,615 [9] INFO  - Step 'Iteration 114' : Step 'Iteration 114' started
2021-05-11 13:14:57,618 [9] INFO  - Step 'Report Testname' : Step 'Report Testname' started
2021-05-11 13:14:57,637 [9] INFO  - Step 'Report Testname' : Select Arilines
2021-05-11 13:14:57,643 [9] INFO  - Step 'Iteration 114' ended successfully
2021-05-11 13:14:57,645 [9] INFO  - Step 'Iteration 115' : Step 'Iteration 115' started
2021-05-11 13:14:57,649 [9] INFO  - Step 'Report Testname' : Step 'Report Testname' started
2021-05-11 13:14:57,668 [9] INFO  - Step 'Report Testname' : Discount by customer type
2021-05-11 13:14:57,673 [9] INFO  - Step 'Iteration 115' ended successfully
2021-05-11 13:14:57,678 [9] INFO  - Step 'Iteration 116' : Step 'Iteration 116' started
2021-05-11 13:14:57,683 [9] INFO  - Step 'Report Testname' : Step 'Report Testname' started
2021-05-11 13:14:57,702 [9] INFO  - Step 'Report Testname' : ValidateIOT_secureLogin
2021-05-11 13:14:57,708 [9] INFO  - Step 'Iteration 116' ended successfully
2021-05-11 13:14:57,710 [9] INFO  - Step 'Iteration 117' : Step 'Iteration 117' started
2021-05-11 13:14:57,714 [9] INFO  - Step 'Report Testname' : Step 'Report Testname' started
2021-05-11 13:14:57,732 [9] INFO  - Step 'Report Testname' : ValidateIOT_end-to-end
2021-05-11 13:14:57,738 [9] INFO  - Step 'Iteration 117' ended successfully
2021-05-11 13:14:57,740 [9] INFO  - Step 'Iteration 118' : Step 'Iteration 118' started
2021-05-11 13:14:57,744 [9] INFO  - Step 'Report Testname' : Step 'Report Testname' started
2021-05-11 13:14:57,766 [9] INFO  - Step 'Report Testname' : ValidateIOT_loginWithParams
2021-05-11 13:14:57,772 [9] INFO  - Step 'Iteration 118' ended successfully
2021-05-11 13:14:57,775 [9] INFO  - Step 'Iteration 119' : Step 'Iteration 119' started
2021-05-11 13:14:57,779 [9] INFO  - Step 'Report Testname' : Step 'Report Testname' started
2021-05-11 13:14:57,800 [9] INFO  - Step 'Report Testname' : ValidateIOT_login
2021-05-11 13:14:57,823 [9] INFO  - Step 'Iteration 119' ended successfully
2021-05-11 13:14:57,826 [9] INFO  - Step 'Iteration 120' : Step 'Iteration 120' started
2021-05-11 13:14:57,830 [9] INFO  - Step 'Report Testname' : Step 'Report Testname' started
2021-05-11 13:14:57,848 [9] INFO  - Step 'Report Testname' : MockTestFixture_MockTest1
2021-05-11 13:14:57,854 [9] INFO  - Step 'Iteration 120' ended successfully
2021-05-11 13:14:57,857 [9] INFO  - Step 'Iteration 121' : Step 'Iteration 121' started
2021-05-11 13:14:57,861 [9] INFO  - Step 'Report Testname' : Step 'Report Testname' started
2021-05-11 13:14:57,881 [9] INFO  - Step 'Report Testname' : MockTestFixture_MockTest2
2021-05-11 13:14:57,888 [9] INFO  - Step 'Iteration 121' ended successfully
2021-05-11 13:14:57,890 [9] INFO  - Step 'Iteration 122' : Step 'Iteration 122' started
2021-05-11 13:14:57,894 [9] INFO  - Step 'Report Testname' : Step 'Report Testname' started
2021-05-11 13:14:57,917 [9] INFO  - Step 'Report Testname' : MockTestFixture_MockTest3
2021-05-11 13:14:57,923 [9] INFO  - Step 'Iteration 122' ended successfully
2021-05-11 13:14:57,927 [9] INFO  - Step 'Iteration 123' : Step 'Iteration 123' started
2021-05-11 13:14:57,931 [9] INFO  - Step 'Report Testname' : Step 'Report Testname' started
2021-05-11 13:14:57,958 [9] INFO  - Step 'Report Testname' : MockTestFixture_MockTest5
2021-05-11 13:14:57,964 [9] INFO  - Step 'Iteration 123' ended successfully
2021-05-11 13:14:57,967 [9] INFO  - Step 'Iteration 124' : Step 'Iteration 124' started
2021-05-11 13:14:57,971 [9] INFO  - Step 'Report Testname' : Step 'Report Testname' started
2021-05-11 13:14:57,995 [9] INFO  - Step 'Report Testname' : MockTestFixture_MockTest4
2021-05-11 13:14:58,000 [9] INFO  - Step 'Iteration 124' ended successfully
2021-05-11 13:14:58,003 [9] INFO  - Step 'Iteration 125' : Step 'Iteration 125' started
2021-05-11 13:14:58,007 [9] INFO  - Step 'Report Testname' : Step 'Report Testname' started
2021-05-11 13:14:58,026 [9] INFO  - Step 'Report Testname' : MockTestFixture_ExplicitlyRunTest
2021-05-11 13:14:58,033 [9] INFO  - Step 'Iteration 125' ended successfully
2021-05-11 13:14:58,036 [9] INFO  - Step 'Iteration 126' : Step 'Iteration 126' started
2021-05-11 13:14:58,040 [9] INFO  - Step 'Report Testname' : Step 'Report Testname' started
2021-05-11 13:14:58,070 [9] INFO  - Step 'Report Testname' : ValidateReport_viewer-permissions
2021-05-11 13:14:58,083 [9] INFO  - Step 'Iteration 126' ended successfully
2021-05-11 13:14:58,086 [9] INFO  - Step 'Iteration 127' : Step 'Iteration 127' started
2021-05-11 13:14:58,090 [9] INFO  - Step 'Report Testname' : Step 'Report Testname' started
2021-05-11 13:14:58,108 [9] INFO  - Step 'Report Testname' : ValidateReport_negative-test
2021-05-11 13:14:58,115 [9] INFO  - Step 'Iteration 127' ended successfully
2021-05-11 13:14:58,118 [9] INFO  - Step 'Iteration 128' : Step 'Iteration 128' started
2021-05-11 13:14:58,122 [9] INFO  - Step 'Report Testname' : Step 'Report Testname' started
2021-05-11 13:14:58,139 [9] INFO  - Step 'Report Testname' : ValidateReport_admin-permissions
2021-05-11 13:14:58,145 [9] INFO  - Step 'Iteration 128' ended successfully
2021-05-11 13:14:58,148 [9] INFO  - Step 'Iteration 129' : Step 'Iteration 129' started
2021-05-11 13:14:58,152 [9] INFO  - Step 'Report Testname' : Step 'Report Testname' started
2021-05-11 13:14:58,178 [9] INFO  - Step 'Report Testname' : New Theme UI
2021-05-11 13:14:58,185 [9] INFO  - Step 'Iteration 129' ended successfully
2021-05-11 13:14:58,188 [9] INFO  - Step 'Iteration 130' : Step 'Iteration 130' started
2021-05-11 13:14:58,193 [9] INFO  - Step 'Report Testname' : Step 'Report Testname' started
2021-05-11 13:14:58,215 [9] INFO  - Step 'Report Testname' : VapiXP Testing ALM
2021-05-11 13:14:58,221 [9] INFO  - Step 'Iteration 130' ended successfully
2021-05-11 13:14:58,225 [9] INFO  - Step 'Loop8' ended successfully
2021-05-11 13:14:58,229 [9] INFO  - Step 'Close Connection5' : Step 'Close Connection5' started
2021-05-11 13:14:58,237 [9] INFO  - Step 'Close Connection5' ended successfully
2021-05-11 13:14:58,241 [9] INFO  - Step 'Iteration 1' ended successfully
2021-05-11 13:14:58,246 [9] INFO  - Step 'Test Flow' ended successfully
2021-05-11 13:14:58,250 [9] INFO  - Step 'End' : Step 'End' started
2021-05-11 13:14:58,269 [9] INFO  - Step 'End' ended successfully
