2021-05-17 09:12:32,437 [1] INFO  - Loaded appender: FileAppenderInternal
2021-05-17 09:12:32,472 [1] INFO  - Loaded appender: FileAppenderExternal
2021-05-17 09:12:32,472 [1] INFO  - Loaded appender: UserLoggerAppender
2021-05-17 09:12:32,473 [1] INFO  - Loaded appender: FileAppenderInternal
2021-05-17 09:12:32,474 [1] INFO  - Loaded appender: FileAppenderExternal
2021-05-17 09:12:32,474 [1] INFO  - Loaded appender: UserLoggerAppender
2021-05-17 09:12:33,222 [9] INFO  - Step 'Start' : Step 'Start' started
2021-05-17 09:12:33,291 [9] INFO  - Step 'Start' ended successfully
2021-05-17 09:12:33,298 [9] INFO  - Step 'Test Flow' : Step 'Test Flow' started
2021-05-17 09:12:33,305 [9] INFO  - Step 'Iteration 1' : Step 'Iteration 1' started
2021-05-17 09:12:33,309 [9] INFO  - Step 'FTP Directory Create4' : Step 'FTP Directory Create4' started
2021-05-17 09:12:33,318 [9] INFO  - Step 'FTP Directory Create4' : Input Parameter 'Directory URL path', Value: 'ftp://192.168.5.128:21'
2021-05-17 09:12:33,324 [9] INFO  - Step 'FTP Directory Create4' : Input Parameter 'User ID', Value: 'amir.khan.offenbach.main@gmail.com'
2021-05-17 09:12:33,328 [9] INFO  - Step 'FTP Directory Create4' : Input Parameter 'Enable SSL', Value: 'False'
2021-05-17 09:12:33,391 [9] INFO  - Step 'FTP Directory Create4' ended successfully
2021-05-17 09:12:33,394 [9] INFO  - Step 'Report Message6' : Step 'Report Message6' started
2021-05-17 09:12:33,403 [9] INFO  - Step 'Report Message6' : True
2021-05-17 09:12:33,415 [9] INFO  - Step 'FTP Upload5' : Step 'FTP Upload5' started
2021-05-17 09:12:33,427 [9] INFO  - Step 'FTP Upload5' : Input Parameter 'Directory URL path', Value: 'ftp://192.168.5.128:21//bofrost'
2021-05-17 09:12:33,432 [9] INFO  - Step 'FTP Upload5' : Input Parameter 'User ID', Value: 'amir.khan.offenbach.main@gmail.com'
2021-05-17 09:12:33,435 [9] INFO  - Step 'FTP Upload5' : Input Parameter 'Enable SSL', Value: 'False'
2021-05-17 09:12:33,515 [9] INFO  - Step 'FTP Upload5' ended successfully
2021-05-17 09:12:33,521 [9] INFO  - Step 'Iteration 1' ended successfully
2021-05-17 09:12:33,525 [9] INFO  - Step 'Test Flow' ended successfully
2021-05-17 09:12:33,528 [9] INFO  - Step 'End' : Step 'End' started
2021-05-17 09:12:33,551 [9] INFO  - Step 'End' ended successfully
